Build started 12.10.2017 11:29:32.
     1>Project "D:\programming_labs\IP\OpenCV_WB-image\OpenCV_WB_form\OpenCV_WB_form.vcxproj" on node 2 (Build target(s)).
     1>ClCompile:
         C:\Program Files (x86)\Microsoft Visual Studio 11.0\VC\bin\x86_amd64\CL.exe /c /AI"C:\Program Files (x86)\Reference Assemblies\Microsoft\Framework\.NETFramework\v4.5\\" /AI"C:\Program Files (x86)\Windows Kits\8.0\References\CommonConfiguration\Neutral" /AI"C:\Program Files (x86)\Reference Assemblies\Microsoft\Framework\.NETFramework\v4.5\Facades\\" /Zi /clr /nologo /W3 /WX- /O2 /D WIN32 /D NDEBUG /D _UNICODE /D UNICODE /EHa /MD /GS /fp:precise /Zc:wchar_t /Zc:forScope /Fo"x64\Release\\" /Fd"x64\Release\vc110.pdb" /TP /FU"C:\Program Files (x86)\Reference Assemblies\Microsoft\Framework\.NETFramework\v4.5\mscorlib.dll" /FU"C:\Program Files (x86)\Reference Assemblies\Microsoft\Framework\.NETFramework\v4.5\System.Data.dll" /FU"C:\Program Files (x86)\Reference Assemblies\Microsoft\Framework\.NETFramework\v4.5\System.dll" /FU"C:\Program Files (x86)\Reference Assemblies\Microsoft\Framework\.NETFramework\v4.5\System.Drawing.dll" /FU"C:\Program Files (x86)\Reference Assemblies\Microsoft\Framework\.NETFramework\v4.5\System.Windows.Forms.dll" /FU"C:\Program Files (x86)\Reference Assemblies\Microsoft\Framework\.NETFramework\v4.5\System.Xml.dll" /errorReport:prompt /clr:nostdlib MainForm.cpp
         MainForm.cpp
     1>c:\opencv\opencv\build\include\opencv2\core\cvstd.hpp(599): warning C4793: 'cv::String::String' : function compiled as native :
         	Found an intrinsic not supported in managed code
     1>c:\opencv\opencv\build\include\opencv2\core\mat.inl.hpp(392): warning C4793: 'cv::Mat::Mat' : function compiled as native :
         	Found an intrinsic not supported in managed code
     1>c:\opencv\opencv\build\include\opencv2\core\mat.inl.hpp(681): warning C4793: 'cv::Mat::release' : function compiled as native :
         	Found an intrinsic not supported in managed code
     1>c:\opencv\opencv\build\include\opencv2\core\mat.inl.hpp(1872): warning C4793: 'cv::SparseMat::addref' : function compiled as native :
         	Found an intrinsic not supported in managed code
     1>c:\opencv\opencv\build\include\opencv2\core\mat.inl.hpp(3473): warning C4793: 'cv::UMat::addref' : function compiled as native :
         	Found an intrinsic not supported in managed code
     1>c:\opencv\opencv\build\include\opencv2\core\ptr.inl.hpp(67): warning C4793: 'cv::detail::PtrOwner::incRef' : function compiled as native :
         	Found an intrinsic not supported in managed code
     1>c:\opencv\opencv\build\include\opencv2\core\ptr.inl.hpp(72): warning C4793: 'cv::detail::PtrOwner::decRef' : function compiled as native :
         	Found an intrinsic not supported in managed code
     1>c:\opencv\opencv\build\include\opencv2\core\mat.inl.hpp(580): warning C4793: 'cv::Mat::operator=' : function compiled as native :
         	Found an intrinsic not supported in managed code
     1>c:\opencv\opencv\build\include\opencv2\core\mat.inl.hpp(681): warning C4793: 'cv::Mat::release' : function compiled as native :
         	Found an intrinsic not supported in managed code
       Link:
         C:\Program Files (x86)\Microsoft Visual Studio 11.0\VC\bin\x86_amd64\link.exe /ERRORREPORT:PROMPT /OUT:"D:\programming_labs\IP\OpenCV_WB-image\x64\Release\OpenCV_WB_form.exe" /INCREMENTAL:NO /NOLOGO opencv_world310.lib kernel32.lib user32.lib gdi32.lib winspool.lib comdlg32.lib advapi32.lib shell32.lib ole32.lib oleaut32.lib uuid.lib odbc32.lib odbccp32.lib /ASSEMBLYRESOURCE:x64\Release\OpenCV_WB_form.MainForm.resources /MANIFEST /MANIFESTUAC:"level='asInvoker' uiAccess='false'" /manifest:embed /DEBUG /PDB:"D:\programming_labs\IP\OpenCV_WB-image\x64\Release\OpenCV_WB_form.pdb" /SUBSYSTEM:WINDOWS /TLBID:1 /ENTRY:"Main" /DYNAMICBASE /FIXED:NO /NXCOMPAT /MACHINE:X64 x64\Release\MainForm.obj
         "x64\Release\.NETFramework,Version=v4.5.AssemblyAttributes.obj"
         OpenCV_WB_form.vcxproj -> D:\programming_labs\IP\OpenCV_WB-image\x64\Release\OpenCV_WB_form.exe
     1>Done Building Project "D:\programming_labs\IP\OpenCV_WB-image\OpenCV_WB_form\OpenCV_WB_form.vcxproj" (Build target(s)).

Build succeeded.

Time Elapsed 00:00:04.17
